# JRE version: Java(TM) SE Runtime Environment (8.0_73-b02) (build 1.8.0_73-b02)
# Java VM: Java HotSpot(TM) 64-Bit Server VM (25.73-b02 mixed mode windows-amd64 compressed oops)
Heap:
 PSYoungGen      total 822784K, used 195071K [0x000000076c400000, 0x00000007a1780000, 0x00000007c0000000)
  eden space 806912K, 24% used [0x000000076c400000,0x000000077827fcf0,0x000000079d800000)
  from space 15872K, 0% used [0x00000007a0800000,0x00000007a0800000,0x00000007a1780000)
  to   space 22528K, 0% used [0x000000079eb80000,0x000000079eb80000,0x00000007a0180000)
 ParOldGen       total 256512K, used 68895K [0x00000006c4c00000, 0x00000006d4680000, 0x000000076c400000)
  object space 256512K, 26% used [0x00000006c4c00000,0x00000006c8f47e60,0x00000006d4680000)
 Metaspace       used 101713K, capacity 104933K, committed 105256K, reserved 1142784K
  class space    used 10932K, capacity 11471K, committed 11560K, reserved 1048576K
GC Heap History (10 events):
Event: 43.365 GC heap before
{Heap before GC invocations=14 (full 3):
 PSYoungGen      total 517632K, used 498176K [0x000000076c400000, 0x0000000791200000, 0x00000007c0000000)
  eden space 498176K, 100% used [0x000000076c400000,0x000000078aa80000,0x000000078aa80000)
  from space 19456K, 0% used [0x000000078be80000,0x000000078be80000,0x000000078d180000)
  to   space 20480K, 0% used [0x000000078aa80000,0x000000078aa80000,0x000000078be80000)
 ParOldGen       total 173568K, used 37302K [0x00000006c4c00000, 0x00000006cf580000, 0x000000076c400000)
  object space 173568K, 21% used [0x00000006c4c00000,0x00000006c706db88,0x00000006cf580000)
 Metaspace       used 63069K, capacity 65159K, committed 65576K, reserved 1105920K
  class space    used 7757K, capacity 8133K, committed 8232K, reserved 1048576K
Event: 43.414 GC heap after
Heap after GC invocations=14 (full 3):
 PSYoungGen      total 518656K, used 18474K [0x000000076c400000, 0x0000000797680000, 0x00000007c0000000)
  eden space 498176K, 0% used [0x000000076c400000,0x000000076c400000,0x000000078aa80000)
  from space 20480K, 90% used [0x000000078aa80000,0x000000078bc8aae8,0x000000078be80000)
  to   space 22528K, 0% used [0x0000000796080000,0x0000000796080000,0x0000000797680000)
 ParOldGen       total 173568K, used 37310K [0x00000006c4c00000, 0x00000006cf580000, 0x000000076c400000)
  object space 173568K, 21% used [0x00000006c4c00000,0x00000006c706fb88,0x00000006cf580000)
 Metaspace       used 63069K, capacity 65159K, committed 65576K, reserved 1105920K
  class space    used 7757K, capacity 8133K, committed 8232K, reserved 1048576K
}
Event: 47.009 GC heap before
{Heap before GC invocations=15 (full 3):
 PSYoungGen      total 518656K, used 516650K [0x000000076c400000, 0x0000000797680000, 0x00000007c0000000)
  eden space 498176K, 100% used [0x000000076c400000,0x000000078aa80000,0x000000078aa80000)
  from space 20480K, 90% used [0x000000078aa80000,0x000000078bc8aae8,0x000000078be80000)
  to   space 22528K, 0% used [0x0000000796080000,0x0000000796080000,0x0000000797680000)
 ParOldGen       total 173568K, used 37310K [0x00000006c4c00000, 0x00000006cf580000, 0x000000076c400000)
  object space 173568K, 21% used [0x00000006c4c00000,0x00000006c706fb88,0x00000006cf580000)
 Metaspace       used 66898K, capacity 69109K, committed 69416K, reserved 1110016K
  class space    used 8011K, capacity 8408K, committed 8488K, reserved 1048576K
Event: 47.162 GC heap after
Heap after GC invocations=15 (full 3):
 PSYoungGen      total 669184K, used 12874K [0x000000076c400000, 0x0000000796e80000, 0x00000007c0000000)
  eden space 654848K, 0% used [0x000000076c400000,0x000000076c400000,0x0000000794380000)
  from space 14336K, 89% used [0x0000000796080000,0x0000000796d129c0,0x0000000796e80000)
  to   space 22016K, 0% used [0x0000000794380000,0x0000000794380000,0x0000000795900000)
 ParOldGen       total 173568K, used 53631K [0x00000006c4c00000, 0x00000006cf580000, 0x000000076c400000)
  object space 173568K, 30% used [0x00000006c4c00000,0x00000006c805fc60,0x00000006cf580000)
 Metaspace       used 66898K, capacity 69109K, committed 69416K, reserved 1110016K
  class space    used 8011K, capacity 8408K, committed 8488K, reserved 1048576K
}
Event: 63.091 GC heap before
{Heap before GC invocations=16 (full 3):
 PSYoungGen      total 669184K, used 667722K [0x000000076c400000, 0x0000000796e80000, 0x00000007c0000000)
  eden space 654848K, 100% used [0x000000076c400000,0x0000000794380000,0x0000000794380000)
  from space 14336K, 89% used [0x0000000796080000,0x0000000796d129c0,0x0000000796e80000)
  to   space 22016K, 0% used [0x0000000794380000,0x0000000794380000,0x0000000795900000)
 ParOldGen       total 173568K, used 53631K [0x00000006c4c00000, 0x00000006cf580000, 0x000000076c400000)
  object space 173568K, 30% used [0x00000006c4c00000,0x00000006c805fc60,0x00000006cf580000)
 Metaspace       used 91608K, capacity 94177K, committed 94376K, reserved 1134592K
  class space    used 9593K, capacity 10056K, committed 10152K, reserved 1048576K
Event: 63.145 GC heap after
Heap after GC invocations=16 (full 3):
 PSYoungGen      total 676864K, used 15038K [0x000000076c400000, 0x00000007a1d80000, 0x00000007c0000000)
  eden space 654848K, 0% used [0x000000076c400000,0x000000076c400000,0x0000000794380000)
  from space 22016K, 68% used [0x0000000794380000,0x000000079522f9f8,0x0000000795900000)
  to   space 22016K, 0% used [0x00000007a0800000,0x00000007a0800000,0x00000007a1d80000)
 ParOldGen       total 173568K, used 65881K [0x00000006c4c00000, 0x00000006cf580000, 0x000000076c400000)
  object space 173568K, 37% used [0x00000006c4c00000,0x00000006c8c56590,0x00000006cf580000)
 Metaspace       used 91608K, capacity 94177K, committed 94376K, reserved 1134592K
  class space    used 9593K, capacity 10056K, committed 10152K, reserved 1048576K
}
Event: 161.726 GC heap before
{Heap before GC invocations=17 (full 3):
 PSYoungGen      total 676864K, used 322303K [0x000000076c400000, 0x00000007a1d80000, 0x00000007c0000000)
  eden space 654848K, 46% used [0x000000076c400000,0x000000077f0105b8,0x0000000794380000)
  from space 22016K, 68% used [0x0000000794380000,0x000000079522f9f8,0x0000000795900000)
  to   space 22016K, 0% used [0x00000007a0800000,0x00000007a0800000,0x00000007a1d80000)
 ParOldGen       total 173568K, used 65881K [0x00000006c4c00000, 0x00000006cf580000, 0x000000076c400000)
  object space 173568K, 37% used [0x00000006c4c00000,0x00000006c8c56590,0x00000006cf580000)
 Metaspace       used 95798K, capacity 98549K, committed 98600K, reserved 1136640K
  class space    used 10158K, capacity 10661K, committed 10664K, reserved 1048576K
Event: 161.764 GC heap after
Heap after GC invocations=17 (full 3):
 PSYoungGen      total 822784K, used 15846K [0x000000076c400000, 0x00000007a1780000, 0x00000007c0000000)
  eden space 806912K, 0% used [0x000000076c400000,0x000000076c400000,0x000000079d800000)
  from space 15872K, 99% used [0x00000007a0800000,0x00000007a1779bb8,0x00000007a1780000)
  to   space 22528K, 0% used [0x000000079eb80000,0x000000079eb80000,0x00000007a0180000)
 ParOldGen       total 173568K, used 65889K [0x00000006c4c00000, 0x00000006cf580000, 0x000000076c400000)
  object space 173568K, 37% used [0x00000006c4c00000,0x00000006c8c58590,0x00000006cf580000)
 Metaspace       used 95798K, capacity 98549K, committed 98600K, reserved 1136640K
  class space    used 10158K, capacity 10661K, committed 10664K, reserved 1048576K
}
Event: 161.764 GC heap before
{Heap before GC invocations=18 (full 4):
 PSYoungGen      total 822784K, used 15846K [0x000000076c400000, 0x00000007a1780000, 0x00000007c0000000)
  eden space 806912K, 0% used [0x000000076c400000,0x000000076c400000,0x000000079d800000)
  from space 15872K, 99% used [0x00000007a0800000,0x00000007a1779bb8,0x00000007a1780000)
  to   space 22528K, 0% used [0x000000079eb80000,0x000000079eb80000,0x00000007a0180000)
 ParOldGen       total 173568K, used 65889K [0x00000006c4c00000, 0x00000006cf580000, 0x000000076c400000)
  object space 173568K, 37% used [0x00000006c4c00000,0x00000006c8c58590,0x00000006cf580000)
 Metaspace       used 95798K, capacity 98549K, committed 98600K, reserved 1136640K
  class space    used 10158K, capacity 10661K, committed 10664K, reserved 1048576K
Event: 162.098 GC heap after
Heap after GC invocations=18 (full 4):
 PSYoungGen      total 822784K, used 0K [0x000000076c400000, 0x00000007a1780000, 0x00000007c0000000)
  eden space 806912K, 0% used [0x000000076c400000,0x000000076c400000,0x000000079d800000)
  from space 15872K, 0% used [0x00000007a0800000,0x00000007a0800000,0x00000007a1780000)
  to   space 22528K, 0% used [0x000000079eb80000,0x000000079eb80000,0x00000007a0180000)
 ParOldGen       total 256512K, used 68895K [0x00000006c4c00000, 0x00000006d4680000, 0x000000076c400000)
  object space 256512K, 26% used [0x00000006c4c00000,0x00000006c8f47e60,0x00000006d4680000)
 Metaspace       used 95798K, capacity 98549K, committed 98600K, reserved 1136640K
  class space    used 10158K, capacity 10661K, committed 10664K, reserved 1048576K
}

