# JRE version: Java(TM) SE Runtime Environment (8.0_73-b02) (build 1.8.0_73-b02)
# Java VM: Java HotSpot(TM) 64-Bit Server VM (25.73-b02 mixed mode windows-amd64 compressed oops)
Heap:
 PSYoungGen      total 795648K, used 285499K [0x000000076c400000, 0x000000079ef80000, 0x00000007c0000000)
  eden space 763392K, 35% used [0x000000076c400000,0x000000077ca0ca50,0x000000079ad80000)
  from space 32256K, 53% used [0x000000079d000000,0x000000079e0c23b0,0x000000079ef80000)
  to   space 33792K, 0% used [0x000000079ad80000,0x000000079ad80000,0x000000079ce80000)
 ParOldGen       total 305152K, used 84082K [0x00000006c4c00000, 0x00000006d7600000, 0x000000076c400000)
  object space 305152K, 27% used [0x00000006c4c00000,0x00000006c9e1ca78,0x00000006d7600000)
 Metaspace       used 110029K, capacity 113840K, committed 114200K, reserved 1150976K
  class space    used 11543K, capacity 12220K, committed 12328K, reserved 1048576K
GC Heap History (10 events):
Event: 62.477 GC heap before
{Heap before GC invocations=16 (full 3):
 PSYoungGen      total 555520K, used 555137K [0x000000076c400000, 0x0000000790900000, 0x00000007c0000000)
  eden space 540160K, 100% used [0x000000076c400000,0x000000078d380000,0x000000078d380000)
  from space 15360K, 97% used [0x000000078fa00000,0x00000007908a0678,0x0000000790900000)
  to   space 26112K, 0% used [0x000000078d600000,0x000000078d600000,0x000000078ef80000)
 ParOldGen       total 226816K, used 62746K [0x00000006c4c00000, 0x00000006d2980000, 0x000000076c400000)
  object space 226816K, 27% used [0x00000006c4c00000,0x00000006c8946ae0,0x00000006d2980000)
 Metaspace       used 78274K, capacity 80776K, committed 80920K, reserved 1120256K
  class space    used 9213K, capacity 9669K, committed 9768K, reserved 1048576K
Event: 62.633 GC heap after
Heap after GC invocations=16 (full 3):
 PSYoungGen      total 568832K, used 18938K [0x000000076c400000, 0x0000000797900000, 0x00000007c0000000)
  eden space 542720K, 0% used [0x000000076c400000,0x000000076c400000,0x000000078d600000)
  from space 26112K, 72% used [0x000000078d600000,0x000000078e87e8d8,0x000000078ef80000)
  to   space 27136K, 0% used [0x0000000795e80000,0x0000000795e80000,0x0000000797900000)
 ParOldGen       total 226816K, used 62746K [0x00000006c4c00000, 0x00000006d2980000, 0x000000076c400000)
  object space 226816K, 27% used [0x00000006c4c00000,0x00000006c8946ae0,0x00000006d2980000)
 Metaspace       used 78274K, capacity 80776K, committed 80920K, reserved 1120256K
  class space    used 9213K, capacity 9669K, committed 9768K, reserved 1048576K
}
Event: 75.403 GC heap before
{Heap before GC invocations=17 (full 3):
 PSYoungGen      total 568832K, used 561658K [0x000000076c400000, 0x0000000797900000, 0x00000007c0000000)
  eden space 542720K, 100% used [0x000000076c400000,0x000000078d600000,0x000000078d600000)
  from space 26112K, 72% used [0x000000078d600000,0x000000078e87e8d8,0x000000078ef80000)
  to   space 27136K, 0% used [0x0000000795e80000,0x0000000795e80000,0x0000000797900000)
 ParOldGen       total 226816K, used 62746K [0x00000006c4c00000, 0x00000006d2980000, 0x000000076c400000)
  object space 226816K, 27% used [0x00000006c4c00000,0x00000006c8946ae0,0x00000006d2980000)
 Metaspace       used 87112K, capacity 89898K, committed 90264K, reserved 1128448K
  class space    used 9805K, capacity 10306K, committed 10408K, reserved 1048576K
Event: 75.477 GC heap after
Heap after GC invocations=17 (full 3):
 PSYoungGen      total 668160K, used 27124K [0x000000076c400000, 0x0000000797900000, 0x00000007c0000000)
  eden space 641024K, 0% used [0x000000076c400000,0x000000076c400000,0x0000000793600000)
  from space 27136K, 99% used [0x0000000795e80000,0x00000007978fd388,0x0000000797900000)
  to   space 32768K, 0% used [0x0000000793900000,0x0000000793900000,0x0000000795900000)
 ParOldGen       total 226816K, used 68073K [0x00000006c4c00000, 0x00000006d2980000, 0x000000076c400000)
  object space 226816K, 30% used [0x00000006c4c00000,0x00000006c8e7a698,0x00000006d2980000)
 Metaspace       used 87112K, capacity 89898K, committed 90264K, reserved 1128448K
  class space    used 9805K, capacity 10306K, committed 10408K, reserved 1048576K
}
Event: 76.177 GC heap before
{Heap before GC invocations=18 (full 3):
 PSYoungGen      total 668160K, used 199905K [0x000000076c400000, 0x0000000797900000, 0x00000007c0000000)
  eden space 641024K, 26% used [0x000000076c400000,0x0000000776cbb458,0x0000000793600000)
  from space 27136K, 99% used [0x0000000795e80000,0x00000007978fd388,0x0000000797900000)
  to   space 32768K, 0% used [0x0000000793900000,0x0000000793900000,0x0000000795900000)
 ParOldGen       total 226816K, used 68073K [0x00000006c4c00000, 0x00000006d2980000, 0x000000076c400000)
  object space 226816K, 30% used [0x00000006c4c00000,0x00000006c8e7a698,0x00000006d2980000)
 Metaspace       used 95717K, capacity 98506K, committed 98600K, reserved 1136640K
  class space    used 10140K, capacity 10658K, committed 10664K, reserved 1048576K
Event: 76.210 GC heap after
Heap after GC invocations=18 (full 3):
 PSYoungGen      total 676864K, used 26878K [0x000000076c400000, 0x000000079f280000, 0x00000007c0000000)
  eden space 644096K, 0% used [0x000000076c400000,0x000000076c400000,0x0000000793900000)
  from space 32768K, 82% used [0x0000000793900000,0x000000079533f8c8,0x0000000795900000)
  to   space 35328K, 0% used [0x000000079d000000,0x000000079d000000,0x000000079f280000)
 ParOldGen       total 226816K, used 68081K [0x00000006c4c00000, 0x00000006d2980000, 0x000000076c400000)
  object space 226816K, 30% used [0x00000006c4c00000,0x00000006c8e7c698,0x00000006d2980000)
 Metaspace       used 95717K, capacity 98506K, committed 98600K, reserved 1136640K
  class space    used 10140K, capacity 10658K, committed 10664K, reserved 1048576K
}
Event: 76.210 GC heap before
{Heap before GC invocations=19 (full 4):
 PSYoungGen      total 676864K, used 26878K [0x000000076c400000, 0x000000079f280000, 0x00000007c0000000)
  eden space 644096K, 0% used [0x000000076c400000,0x000000076c400000,0x0000000793900000)
  from space 32768K, 82% used [0x0000000793900000,0x000000079533f8c8,0x0000000795900000)
  to   space 35328K, 0% used [0x000000079d000000,0x000000079d000000,0x000000079f280000)
 ParOldGen       total 226816K, used 68081K [0x00000006c4c00000, 0x00000006d2980000, 0x000000076c400000)
  object space 226816K, 30% used [0x00000006c4c00000,0x00000006c8e7c698,0x00000006d2980000)
 Metaspace       used 95717K, capacity 98506K, committed 98600K, reserved 1136640K
  class space    used 10140K, capacity 10658K, committed 10664K, reserved 1048576K
Event: 76.539 GC heap after
Heap after GC invocations=19 (full 4):
 PSYoungGen      total 676864K, used 0K [0x000000076c400000, 0x000000079f280000, 0x00000007c0000000)
  eden space 644096K, 0% used [0x000000076c400000,0x000000076c400000,0x0000000793900000)
  from space 32768K, 0% used [0x0000000793900000,0x0000000793900000,0x0000000795900000)
  to   space 35328K, 0% used [0x000000079d000000,0x000000079d000000,0x000000079f280000)
 ParOldGen       total 305152K, used 84074K [0x00000006c4c00000, 0x00000006d7600000, 0x000000076c400000)
  object space 305152K, 27% used [0x00000006c4c00000,0x00000006c9e1aa78,0x00000006d7600000)
 Metaspace       used 95717K, capacity 98506K, committed 98600K, reserved 1136640K
  class space    used 10140K, capacity 10658K, committed 10664K, reserved 1048576K
}
Event: 154.334 GC heap before
{Heap before GC invocations=20 (full 4):
 PSYoungGen      total 676864K, used 644096K [0x000000076c400000, 0x000000079f280000, 0x00000007c0000000)
  eden space 644096K, 100% used [0x000000076c400000,0x0000000793900000,0x0000000793900000)
  from space 32768K, 0% used [0x0000000793900000,0x0000000793900000,0x0000000795900000)
  to   space 35328K, 0% used [0x000000079d000000,0x000000079d000000,0x000000079f280000)
 ParOldGen       total 305152K, used 84074K [0x00000006c4c00000, 0x00000006d7600000, 0x000000076c400000)
  object space 305152K, 27% used [0x00000006c4c00000,0x00000006c9e1aa78,0x00000006d7600000)
 Metaspace       used 106380K, capacity 109620K, committed 109720K, reserved 1146880K
  class space    used 11269K, capacity 11848K, committed 11944K, reserved 1048576K
Event: 154.365 GC heap after
Heap after GC invocations=20 (full 4):
 PSYoungGen      total 795648K, used 17160K [0x000000076c400000, 0x000000079ef80000, 0x00000007c0000000)
  eden space 763392K, 0% used [0x000000076c400000,0x000000076c400000,0x000000079ad80000)
  from space 32256K, 53% used [0x000000079d000000,0x000000079e0c23b0,0x000000079ef80000)
  to   space 33792K, 0% used [0x000000079ad80000,0x000000079ad80000,0x000000079ce80000)
 ParOldGen       total 305152K, used 84082K [0x00000006c4c00000, 0x00000006d7600000, 0x000000076c400000)
  object space 305152K, 27% used [0x00000006c4c00000,0x00000006c9e1ca78,0x00000006d7600000)
 Metaspace       used 106380K, capacity 109620K, committed 109720K, reserved 1146880K
  class space    used 11269K, capacity 11848K, committed 11944K, reserved 1048576K
}

